This file contains any messages produced by compilers while
running configure, to aid debugging if configure makes a mistake.

It was created by libusbx configure 1.0.14, which was
generated by GNU Autoconf 2.68.  Invocation command line was

  $ ./configure --host=arm-linux

## --------- ##
## Platform. ##
## --------- ##

hostname = husky
uname -m = x86_64
uname -r = 3.5.0-40-generic
uname -s = Linux
uname -v = #62~precise1-Ubuntu SMP Fri Aug 23 17:38:26 UTC 2013

/usr/bin/uname -p = unknown
/bin/uname -X     = unknown

/bin/arch              = unknown
/usr/bin/arch -k       = unknown
/usr/convex/getsysinfo = unknown
/usr/bin/hostinfo      = unknown
/bin/machine           = unknown
/usr/bin/oslevel       = unknown
/bin/universe          = unknown

PATH: /home/louiskoo/android_4.2/out/host/linux-x86/bin/
PATH: /opt/FriendlyARM/toolschain/4.5.1/bin/
PATH: /usr/local/sbin
PATH: /usr/local/bin
PATH: /usr/sbin
PATH: /usr/bin
PATH: /sbin
PATH: /bin


## ----------- ##
## Core tests. ##
## ----------- ##

configure:2382: checking for a BSD-compatible install
configure:2450: result: /usr/bin/install -c
configure:2461: checking whether build environment is sane
configure:2511: result: yes
configure:2560: checking for arm-linux-strip
configure:2576: found /opt/FriendlyARM/toolschain/4.5.1/bin//arm-linux-strip
configure:2587: result: arm-linux-strip
configure:2652: checking for a thread-safe mkdir -p
configure:2691: result: /bin/mkdir -p
configure:2704: checking for gawk
configure:2734: result: no
configure:2704: checking for mawk
configure:2720: found /usr/bin/mawk
configure:2731: result: mawk
configure:2742: checking whether make sets $(MAKE)
configure:2764: result: yes
configure:2845: checking whether to enable maintainer-specific portions of Makefiles
configure:2854: result: no
configure:2883: checking whether make supports nested variables
configure:2900: result: yes
configure:2921: checking for arm-linux-gcc
configure:2937: found /opt/FriendlyARM/toolschain/4.5.1/bin//arm-linux-gcc
configure:2948: result: arm-linux-gcc
configure:3217: checking for C compiler version
configure:3226: arm-linux-gcc --version >&5
arm-linux-gcc (ctng-1.8.1-FA) 4.5.1
Copyright (C) 2010 Free Software Foundation, Inc.
This is free software; see the source for copying conditions.  There is NO
warranty; not even for MERCHANTABILITY or FITNESS FOR A PARTICULAR PURPOSE.

configure:3237: $? = 0
configure:3226: arm-linux-gcc -v >&5
Using built-in specs.
COLLECT_GCC=arm-linux-gcc
COLLECT_LTO_WRAPPER=/opt/FriendlyARM/toolschain/4.5.1/libexec/gcc/arm-none-linux-gnueabi/4.5.1/lto-wrapper
Target: arm-none-linux-gnueabi
Configured with: /work/toolchain/build/src/gcc-4.5.1/configure --build=i686-build_pc-linux-gnu --host=i686-build_pc-linux-gnu --target=arm-none-linux-gnueabi --prefix=/opt/FriendlyARM/toolschain/4.5.1 --with-sysroot=/opt/FriendlyARM/toolschain/4.5.1/arm-none-linux-gnueabi/sys-root --enable-languages=c,c++ --disable-multilib --with-cpu=arm1176jzf-s --with-tune=arm1176jzf-s --with-fpu=vfp --with-float=softfp --with-pkgversion=ctng-1.8.1-FA --with-bugurl=http://www.arm9.net/ --disable-sjlj-exceptions --enable-__cxa_atexit --disable-libmudflap --with-host-libstdcxx='-static-libgcc -Wl,-Bstatic,-lstdc++,-Bdynamic -lm' --with-gmp=/work/toolchain/build/arm-none-linux-gnueabi/build/static --with-mpfr=/work/toolchain/build/arm-none-linux-gnueabi/build/static --with-ppl=/work/toolchain/build/arm-none-linux-gnueabi/build/static --with-cloog=/work/toolchain/build/arm-none-linux-gnueabi/build/static --with-mpc=/work/toolchain/build/arm-none-linux-gnueabi/build/static --with-libelf=/work/toolchain/build/arm-none-linux-gnueabi/build/static --enable-threads=posix --with-local-prefix=/opt/FriendlyARM/toolschain/4.5.1/arm-none-linux-gnueabi/sys-root --disable-nls --enable-symvers=gnu --enable-c99 --enable-long-long
Thread model: posix
gcc version 4.5.1 (ctng-1.8.1-FA) 
configure:3237: $? = 0
configure:3226: arm-linux-gcc -V >&5
arm-linux-gcc: '-V' option must have argument
configure:3237: $? = 1
configure:3226: arm-linux-gcc -qversion >&5
arm-linux-gcc: unrecognized option '-qversion'
arm-linux-gcc: no input files
configure:3237: $? = 1
configure:3257: checking whether the C compiler works
configure:3279: arm-linux-gcc    conftest.c  >&5
configure:3283: $? = 0
configure:3331: result: yes
configure:3334: checking for C compiler default output file name
configure:3336: result: a.out
configure:3342: checking for suffix of executables
configure:3349: arm-linux-gcc -o conftest    conftest.c  >&5
configure:3353: $? = 0
configure:3375: result: 
configure:3397: checking whether we are cross compiling
configure:3405: arm-linux-gcc -o conftest    conftest.c  >&5
configure:3409: $? = 0
configure:3416: ./conftest
./configure: line 3418: ./conftest: cannot execute binary file
configure:3420: $? = 126
configure:3435: result: yes
configure:3440: checking for suffix of object files
configure:3462: arm-linux-gcc -c   conftest.c >&5
configure:3466: $? = 0
configure:3487: result: o
configure:3491: checking whether we are using the GNU C compiler
configure:3510: arm-linux-gcc -c   conftest.c >&5
configure:3510: $? = 0
configure:3519: result: yes
configure:3528: checking whether arm-linux-gcc accepts -g
configure:3548: arm-linux-gcc -c -g  conftest.c >&5
configure:3548: $? = 0
configure:3589: result: yes
configure:3606: checking for arm-linux-gcc option to accept ISO C89
configure:3670: arm-linux-gcc  -c -g -O2  conftest.c >&5
configure:3670: $? = 0
configure:3683: result: none needed
configure:3714: checking for style of include used by make
configure:3742: result: GNU
configure:3768: checking dependency style of arm-linux-gcc
configure:3879: result: gcc3
configure:3923: checking build system type
configure:3937: result: x86_64-unknown-linux-gnu
configure:3957: checking host system type
configure:3970: result: arm-unknown-linux-gnu
configure:4011: checking how to print strings
configure:4038: result: printf
configure:4059: checking for a sed that does not truncate output
configure:4123: result: /bin/sed
configure:4141: checking for grep that handles long lines and -e
configure:4199: result: /bin/grep
configure:4204: checking for egrep
configure:4266: result: /bin/grep -E
configure:4271: checking for fgrep
configure:4333: result: /bin/grep -F
configure:4368: checking for ld used by arm-linux-gcc
configure:4435: result: /opt/FriendlyARM/toolschain/4.5.1/arm-none-linux-gnueabi/bin/ld
configure:4442: checking if the linker (/opt/FriendlyARM/toolschain/4.5.1/arm-none-linux-gnueabi/bin/ld) is GNU ld
configure:4457: result: yes
configure:4469: checking for BSD- or MS-compatible name lister (nm)
configure:4518: result: /opt/FriendlyARM/toolschain/4.5.1/bin//arm-linux-nm -B
configure:4648: checking the name lister (/opt/FriendlyARM/toolschain/4.5.1/bin//arm-linux-nm -B) interface
configure:4655: arm-linux-gcc -c -g -O2  conftest.c >&5
configure:4658: /opt/FriendlyARM/toolschain/4.5.1/bin//arm-linux-nm -B "conftest.o"
configure:4661: output
00000000 B some_variable
configure:4668: result: BSD nm
configure:4671: checking whether ln -s works
configure:4675: result: yes
configure:4683: checking the maximum length of command line arguments
configure:4813: result: 1572864
configure:4830: checking whether the shell understands some XSI constructs
configure:4840: result: yes
configure:4844: checking whether the shell understands "+="
configure:4850: result: yes
configure:4885: checking how to convert x86_64-unknown-linux-gnu file names to arm-unknown-linux-gnu format
configure:4925: result: func_convert_file_noop
configure:4932: checking how to convert x86_64-unknown-linux-gnu file names to toolchain format
configure:4952: result: func_convert_file_noop
configure:4959: checking for /opt/FriendlyARM/toolschain/4.5.1/arm-none-linux-gnueabi/bin/ld option to reload object files
configure:4966: result: -r
configure:5000: checking for arm-linux-objdump
configure:5016: found /opt/FriendlyARM/toolschain/4.5.1/bin//arm-linux-objdump
configure:5027: result: arm-linux-objdump
configure:5099: checking how to recognize dependent libraries
configure:5301: result: pass_all
configure:5346: checking for arm-linux-dlltool
configure:5376: result: no
configure:5386: checking for dlltool
configure:5416: result: no
configure:5446: checking how to associate runtime and link libraries
configure:5473: result: printf %s\n
configure:5490: checking for arm-linux-ar
configure:5506: found /opt/FriendlyARM/toolschain/4.5.1/bin//arm-linux-ar
configure:5517: result: arm-linux-ar
configure:5598: checking for archiver @FILE support
configure:5615: arm-linux-gcc -c -g -O2  conftest.c >&5
configure:5615: $? = 0
configure:5618: arm-linux-ar cru libconftest.a @conftest.lst >&5
configure:5621: $? = 0
configure:5626: arm-linux-ar cru libconftest.a @conftest.lst >&5
arm-linux-ar: conftest.o: No such file or directory
configure:5629: $? = 1
configure:5641: result: @
configure:5659: checking for arm-linux-strip
configure:5686: result: arm-linux-strip
configure:5758: checking for arm-linux-ranlib
configure:5774: found /opt/FriendlyARM/toolschain/4.5.1/bin//arm-linux-ranlib
configure:5785: result: arm-linux-ranlib
configure:5927: checking command to parse /opt/FriendlyARM/toolschain/4.5.1/bin//arm-linux-nm -B output from arm-linux-gcc object
configure:6047: arm-linux-gcc -c -g -O2  conftest.c >&5
configure:6050: $? = 0
configure:6054: /opt/FriendlyARM/toolschain/4.5.1/bin//arm-linux-nm -B conftest.o \| sed -n -e 's/^.*[ ]\([ABCDGIRSTW][ABCDGIRSTW]*\)[ ][ ]*\([_A-Za-z][_A-Za-z0-9]*\)$/\1 \2 \2/p' | sed '/ __gnu_lto/d' \> conftest.nm
configure:6057: $? = 0
configure:6123: arm-linux-gcc -o conftest -g -O2   conftest.c conftstm.o >&5
configure:6126: $? = 0
configure:6164: result: ok
configure:6201: checking for sysroot
configure:6231: result: no
configure:6447: checking for arm-linux-mt
configure:6477: result: no
configure:6487: checking for mt
configure:6503: found /bin/mt
configure:6514: result: mt
configure:6526: WARNING: using cross tools not prefixed with host triplet
configure:6537: checking if mt is a manifest tool
configure:6543: mt '-?'
configure:6551: result: no
configure:7193: checking how to run the C preprocessor
configure:7224: arm-linux-gcc -E  conftest.c
configure:7224: $? = 0
configure:7238: arm-linux-gcc -E  conftest.c
conftest.c:11:28: fatal error: ac_nonexistent.h: No such file or directory
compilation terminated.
configure:7238: $? = 1
configure: failed program was:
| /* confdefs.h */
| #define PACKAGE_NAME "libusbx"
| #define PACKAGE_TARNAME "libusbx"
| #define PACKAGE_VERSION "1.0.14"
| #define PACKAGE_STRING "libusbx 1.0.14"
| #define PACKAGE_BUGREPORT "libusbx-devel@lists.sourceforge.net"
| #define PACKAGE_URL "http://libusbx.org"
| #define PACKAGE "libusbx"
| #define VERSION "1.0.14"
| /* end confdefs.h.  */
| #include <ac_nonexistent.h>
configure:7263: result: arm-linux-gcc -E
configure:7283: arm-linux-gcc -E  conftest.c
configure:7283: $? = 0
configure:7297: arm-linux-gcc -E  conftest.c
conftest.c:11:28: fatal error: ac_nonexistent.h: No such file or directory
compilation terminated.
configure:7297: $? = 1
configure: failed program was:
| /* confdefs.h */
| #define PACKAGE_NAME "libusbx"
| #define PACKAGE_TARNAME "libusbx"
| #define PACKAGE_VERSION "1.0.14"
| #define PACKAGE_STRING "libusbx 1.0.14"
| #define PACKAGE_BUGREPORT "libusbx-devel@lists.sourceforge.net"
| #define PACKAGE_URL "http://libusbx.org"
| #define PACKAGE "libusbx"
| #define VERSION "1.0.14"
| /* end confdefs.h.  */
| #include <ac_nonexistent.h>
configure:7326: checking for ANSI C header files
configure:7346: arm-linux-gcc -c -g -O2  conftest.c >&5
configure:7346: $? = 0
configure:7430: result: yes
configure:7443: checking for sys/types.h
configure:7443: arm-linux-gcc -c -g -O2  conftest.c >&5
configure:7443: $? = 0
configure:7443: result: yes
configure:7443: checking for sys/stat.h
configure:7443: arm-linux-gcc -c -g -O2  conftest.c >&5
configure:7443: $? = 0
configure:7443: result: yes
configure:7443: checking for stdlib.h
configure:7443: arm-linux-gcc -c -g -O2  conftest.c >&5
configure:7443: $? = 0
configure:7443: result: yes
configure:7443: checking for string.h
configure:7443: arm-linux-gcc -c -g -O2  conftest.c >&5
configure:7443: $? = 0
configure:7443: result: yes
configure:7443: checking for memory.h
configure:7443: arm-linux-gcc -c -g -O2  conftest.c >&5
configure:7443: $? = 0
configure:7443: result: yes
configure:7443: checking for strings.h
configure:7443: arm-linux-gcc -c -g -O2  conftest.c >&5
configure:7443: $? = 0
configure:7443: result: yes
configure:7443: checking for inttypes.h
configure:7443: arm-linux-gcc -c -g -O2  conftest.c >&5
configure:7443: $? = 0
configure:7443: result: yes
configure:7443: checking for stdint.h
configure:7443: arm-linux-gcc -c -g -O2  conftest.c >&5
configure:7443: $? = 0
configure:7443: result: yes
configure:7443: checking for unistd.h
configure:7443: arm-linux-gcc -c -g -O2  conftest.c >&5
configure:7443: $? = 0
configure:7443: result: yes
configure:7457: checking for dlfcn.h
configure:7457: arm-linux-gcc -c -g -O2  conftest.c >&5
configure:7457: $? = 0
configure:7457: result: yes
configure:7663: checking for objdir
configure:7678: result: .libs
configure:7945: checking if arm-linux-gcc supports -fno-rtti -fno-exceptions
configure:7963: arm-linux-gcc -c -g -O2  -fno-rtti -fno-exceptions conftest.c >&5
cc1: warning: command line option "-fno-rtti" is valid for C++/ObjC++ but not for C
configure:7967: $? = 0
configure:7980: result: no
configure:8307: checking for arm-linux-gcc option to produce PIC
configure:8314: result: -fPIC -DPIC
configure:8322: checking if arm-linux-gcc PIC flag -fPIC -DPIC works
configure:8340: arm-linux-gcc -c -g -O2  -fPIC -DPIC -DPIC conftest.c >&5
configure:8344: $? = 0
configure:8357: result: yes
configure:8386: checking if arm-linux-gcc static flag -static works
configure:8414: result: yes
configure:8429: checking if arm-linux-gcc supports -c -o file.o
configure:8450: arm-linux-gcc -c -g -O2  -o out/conftest2.o conftest.c >&5
configure:8454: $? = 0
configure:8476: result: yes
configure:8484: checking if arm-linux-gcc supports -c -o file.o
configure:8531: result: yes
configure:8564: checking whether the arm-linux-gcc linker (/opt/FriendlyARM/toolschain/4.5.1/arm-none-linux-gnueabi/bin/ld) supports shared libraries
configure:9721: result: yes
configure:9758: checking whether -lc should be explicitly linked in
configure:9766: arm-linux-gcc -c -g -O2  conftest.c >&5
configure:9769: $? = 0
configure:9784: arm-linux-gcc -shared  -fPIC -DPIC conftest.o  -v -Wl,-soname -Wl,conftest -o conftest 2\>\&1 \| /bin/grep  -lc  \>/dev/null 2\>\&1
configure:9787: $? = 0
configure:9801: result: no
configure:9961: checking dynamic linker characteristics
configure:10472: arm-linux-gcc -o conftest -g -O2   -Wl,-rpath -Wl,/foo conftest.c  >&5
configure:10472: $? = 0
configure:10706: result: GNU/Linux ld.so
configure:10813: checking how to hardcode library paths into programs
configure:10838: result: immediate
configure:11378: checking whether stripping libraries is possible
configure:11383: result: yes
configure:11418: checking if libtool supports shared libraries
configure:11420: result: yes
configure:11423: checking whether to build shared libraries
configure:11444: result: yes
configure:11447: checking whether to build static libraries
configure:11451: result: yes
configure:11491: checking for arm-linux-windres
configure:11521: result: no
configure:11531: checking for windres
configure:11561: result: no
configure:11665: checking for inline
configure:11681: arm-linux-gcc -c -g -O2  conftest.c >&5
configure:11681: $? = 0
configure:11689: result: inline
configure:11708: checking whether arm-linux-gcc and cc understand -c and -o together
configure:11739: arm-linux-gcc -c conftest.c -o conftest2.o >&5
configure:11743: $? = 0
configure:11749: arm-linux-gcc -c conftest.c -o conftest2.o >&5
configure:11753: $? = 0
configure:11764: cc -c conftest.c >&5
configure:11768: $? = 0
configure:11776: cc -c conftest.c -o conftest2.o >&5
configure:11780: $? = 0
configure:11786: cc -c conftest.c -o conftest2.o >&5
configure:11790: $? = 0
configure:11808: result: yes
configure:11839: checking operating system
configure:11844: result: Linux
configure:11891: checking for library containing clock_gettime
configure:11922: arm-linux-gcc -o conftest -g -O2   conftest.c  >&5
/tmp/ccqR5C0q.o: In function `main':
/home/louiskoo/libusbx-master/conftest.c:36: undefined reference to `clock_gettime'
collect2: ld returned 1 exit status
configure:11922: $? = 1
configure: failed program was:
| /* confdefs.h */
| #define PACKAGE_NAME "libusbx"
| #define PACKAGE_TARNAME "libusbx"
| #define PACKAGE_VERSION "1.0.14"
| #define PACKAGE_STRING "libusbx 1.0.14"
| #define PACKAGE_BUGREPORT "libusbx-devel@lists.sourceforge.net"
| #define PACKAGE_URL "http://libusbx.org"
| #define PACKAGE "libusbx"
| #define VERSION "1.0.14"
| #define STDC_HEADERS 1
| #define HAVE_SYS_TYPES_H 1
| #define HAVE_SYS_STAT_H 1
| #define HAVE_STDLIB_H 1
| #define HAVE_STRING_H 1
| #define HAVE_MEMORY_H 1
| #define HAVE_STRINGS_H 1
| #define HAVE_INTTYPES_H 1
| #define HAVE_STDINT_H 1
| #define HAVE_UNISTD_H 1
| #define HAVE_DLFCN_H 1
| #define LT_OBJDIR ".libs/"
| #define _GNU_SOURCE 1
| #define OS_LINUX 1
| /* end confdefs.h.  */
| 
| /* Override any GCC internal prototype to avoid an error.
|    Use char because int might match the return type of a GCC
|    builtin and then its argument prototype would still apply.  */
| #ifdef __cplusplus
| extern "C"
| #endif
| char clock_gettime ();
| int
| main ()
| {
| return clock_gettime ();
|   ;
|   return 0;
| }
configure:11922: arm-linux-gcc -o conftest -g -O2   conftest.c -lrt -pthread  >&5
configure:11922: $? = 0
configure:11939: result: -lrt
configure:11951: checking poll.h usability
configure:11951: arm-linux-gcc -c -g -O2  conftest.c >&5
configure:11951: $? = 0
configure:11951: result: yes
configure:11951: checking poll.h presence
configure:11951: arm-linux-gcc -E  conftest.c
configure:11951: $? = 0
configure:11951: result: yes
configure:11951: checking for poll.h
configure:11951: result: yes
configure:12090: checking sys/timerfd.h usability
configure:12090: arm-linux-gcc -c -g -O2  conftest.c >&5
configure:12090: $? = 0
configure:12090: result: yes
configure:12090: checking sys/timerfd.h presence
configure:12090: arm-linux-gcc -E  conftest.c
configure:12090: $? = 0
configure:12090: result: yes
configure:12090: checking for sys/timerfd.h
configure:12090: result: yes
configure:12110: checking whether TFD_NONBLOCK is declared
configure:12110: arm-linux-gcc -c -g -O2  conftest.c >&5
configure:12110: $? = 0
configure:12110: result: yes
configure:12122: checking whether to use timerfd for timing
configure:12129: result: yes
configure:12140: checking for struct timespec
configure:12140: arm-linux-gcc -c -g -O2  conftest.c >&5
configure:12140: $? = 0
configure:12140: arm-linux-gcc -c -g -O2  conftest.c >&5
conftest.c: In function 'main':
conftest.c:65:30: error: expected expression before ')' token
configure:12140: $? = 1
configure: failed program was:
| /* confdefs.h */
| #define PACKAGE_NAME "libusbx"
| #define PACKAGE_TARNAME "libusbx"
| #define PACKAGE_VERSION "1.0.14"
| #define PACKAGE_STRING "libusbx 1.0.14"
| #define PACKAGE_BUGREPORT "libusbx-devel@lists.sourceforge.net"
| #define PACKAGE_URL "http://libusbx.org"
| #define PACKAGE "libusbx"
| #define VERSION "1.0.14"
| #define STDC_HEADERS 1
| #define HAVE_SYS_TYPES_H 1
| #define HAVE_SYS_STAT_H 1
| #define HAVE_STDLIB_H 1
| #define HAVE_STRING_H 1
| #define HAVE_MEMORY_H 1
| #define HAVE_STRINGS_H 1
| #define HAVE_INTTYPES_H 1
| #define HAVE_STDINT_H 1
| #define HAVE_UNISTD_H 1
| #define HAVE_DLFCN_H 1
| #define LT_OBJDIR ".libs/"
| #define _GNU_SOURCE 1
| #define OS_LINUX 1
| #define HAVE_POLL_H 1
| #define POLL_NFDS_TYPE nfds_t
| #define THREADS_POSIX 1
| #define USBI_TIMERFD_AVAILABLE 1
| /* end confdefs.h.  */
| #include <stdio.h>
| #ifdef HAVE_SYS_TYPES_H
| # include <sys/types.h>
| #endif
| #ifdef HAVE_SYS_STAT_H
| # include <sys/stat.h>
| #endif
| #ifdef STDC_HEADERS
| # include <stdlib.h>
| # include <stddef.h>
| #else
| # ifdef HAVE_STDLIB_H
| #  include <stdlib.h>
| # endif
| #endif
| #ifdef HAVE_STRING_H
| # if !defined STDC_HEADERS && defined HAVE_MEMORY_H
| #  include <memory.h>
| # endif
| # include <string.h>
| #endif
| #ifdef HAVE_STRINGS_H
| # include <strings.h>
| #endif
| #ifdef HAVE_INTTYPES_H
| # include <inttypes.h>
| #endif
| #ifdef HAVE_STDINT_H
| # include <stdint.h>
| #endif
| #ifdef HAVE_UNISTD_H
| # include <unistd.h>
| #endif
| int
| main ()
| {
| if (sizeof ((struct timespec)))
| 	    return 0;
|   ;
|   return 0;
| }
configure:12140: result: yes
configure:12227: arm-linux-gcc -c -g -O2 -Werror -fvisibility=hidden  conftest.c >&5
configure:12227: $? = 0
configure:12255: arm-linux-gcc -c -g -O2 -Wno-pointer-sign  conftest.c >&5
configure:12255: $? = 0
configure:12264: checking for sigaction
configure:12264: arm-linux-gcc -o conftest -g -O2   conftest.c -lrt  -pthread >&5
configure:12264: $? = 0
configure:12264: result: yes
configure:12283: checking sys/time.h usability
configure:12283: arm-linux-gcc -c -g -O2  conftest.c >&5
configure:12283: $? = 0
configure:12283: result: yes
configure:12283: checking sys/time.h presence
configure:12283: arm-linux-gcc -E  conftest.c
configure:12283: $? = 0
configure:12283: result: yes
configure:12283: checking for sys/time.h
configure:12283: result: yes
configure:12295: checking for gettimeofday
configure:12295: arm-linux-gcc -o conftest -g -O2   conftest.c -lrt  -pthread >&5
configure:12295: $? = 0
configure:12295: result: yes
configure:12306: checking signal.h usability
configure:12306: arm-linux-gcc -c -g -O2  conftest.c >&5
configure:12306: $? = 0
configure:12306: result: yes
configure:12306: checking signal.h presence
configure:12306: arm-linux-gcc -E  conftest.c
configure:12306: $? = 0
configure:12306: result: yes
configure:12306: checking for signal.h
configure:12306: result: yes
configure:12506: creating ./config.status

## ---------------------- ##
## Running config.status. ##
## ---------------------- ##

This file was extended by libusbx config.status 1.0.14, which was
generated by GNU Autoconf 2.68.  Invocation command line was

  CONFIG_FILES    = 
  CONFIG_HEADERS  = 
  CONFIG_LINKS    = 
  CONFIG_COMMANDS = 
  $ ./config.status 

on husky

config.status:1183: creating libusb-1.0.pc
config.status:1183: creating Makefile
config.status:1183: creating libusb/Makefile
config.status:1183: creating examples/Makefile
config.status:1183: creating tests/Makefile
config.status:1183: creating doc/Makefile
config.status:1183: creating doc/doxygen.cfg
config.status:1183: creating config.h
config.status:1364: config.h is unchanged
config.status:1412: executing depfiles commands
config.status:1412: executing libtool commands

## ---------------- ##
## Cache variables. ##
## ---------------- ##

ac_cv_build=x86_64-unknown-linux-gnu
ac_cv_c_compiler_gnu=yes
ac_cv_c_inline=inline
ac_cv_env_CC_set=
ac_cv_env_CC_value=
ac_cv_env_CFLAGS_set=
ac_cv_env_CFLAGS_value=
ac_cv_env_CPPFLAGS_set=
ac_cv_env_CPPFLAGS_value=
ac_cv_env_CPP_set=
ac_cv_env_CPP_value=
ac_cv_env_LDFLAGS_set=
ac_cv_env_LDFLAGS_value=
ac_cv_env_LIBS_set=
ac_cv_env_LIBS_value=
ac_cv_env_build_alias_set=
ac_cv_env_build_alias_value=
ac_cv_env_host_alias_set=set
ac_cv_env_host_alias_value=arm-linux
ac_cv_env_target_alias_set=
ac_cv_env_target_alias_value=
ac_cv_func_gettimeofday=yes
ac_cv_func_sigaction=yes
ac_cv_have_decl_TFD_NONBLOCK=yes
ac_cv_header_dlfcn_h=yes
ac_cv_header_inttypes_h=yes
ac_cv_header_memory_h=yes
ac_cv_header_poll_h=yes
ac_cv_header_signal_h=yes
ac_cv_header_stdc=yes
ac_cv_header_stdint_h=yes
ac_cv_header_stdlib_h=yes
ac_cv_header_string_h=yes
ac_cv_header_strings_h=yes
ac_cv_header_sys_stat_h=yes
ac_cv_header_sys_time_h=yes
ac_cv_header_sys_timerfd_h=yes
ac_cv_header_sys_types_h=yes
ac_cv_header_unistd_h=yes
ac_cv_host=arm-unknown-linux-gnu
ac_cv_objext=o
ac_cv_path_EGREP='/bin/grep -E'
ac_cv_path_FGREP='/bin/grep -F'
ac_cv_path_GREP=/bin/grep
ac_cv_path_SED=/bin/sed
ac_cv_path_install='/usr/bin/install -c'
ac_cv_path_mkdir=/bin/mkdir
ac_cv_prog_AR=arm-linux-ar
ac_cv_prog_AWK=mawk
ac_cv_prog_CC=arm-linux-gcc
ac_cv_prog_CPP='arm-linux-gcc -E'
ac_cv_prog_OBJDUMP=arm-linux-objdump
ac_cv_prog_RANLIB=arm-linux-ranlib
ac_cv_prog_STRIP=arm-linux-strip
ac_cv_prog_ac_ct_MANIFEST_TOOL=mt
ac_cv_prog_cc_arm_linux_gcc_c_o=yes
ac_cv_prog_cc_c89=
ac_cv_prog_cc_g=yes
ac_cv_prog_make_make_set=yes
ac_cv_search_clock_gettime=-lrt
ac_cv_type_struct_timespec=yes
am_cv_CC_dependencies_compiler_type=gcc3
am_cv_make_support_nested_variables=yes
lt_cv_ar_at_file=@
lt_cv_archive_cmds_need_lc=no
lt_cv_deplibs_check_method=pass_all
lt_cv_file_magic_cmd='$MAGIC_CMD'
lt_cv_file_magic_test_file=
lt_cv_ld_reload_flag=-r
lt_cv_nm_interface='BSD nm'
lt_cv_objdir=.libs
lt_cv_path_LD=/opt/FriendlyARM/toolschain/4.5.1/arm-none-linux-gnueabi/bin/ld
lt_cv_path_NM='/opt/FriendlyARM/toolschain/4.5.1/bin//arm-linux-nm -B'
lt_cv_path_mainfest_tool=no
lt_cv_prog_compiler_c_o=yes
lt_cv_prog_compiler_c_o_RC=yes
lt_cv_prog_compiler_pic='-fPIC -DPIC'
lt_cv_prog_compiler_pic_works=yes
lt_cv_prog_compiler_rtti_exceptions=no
lt_cv_prog_compiler_static_works=yes
lt_cv_prog_gnu_ld=yes
lt_cv_sharedlib_from_linklib_cmd='printf %s\n'
lt_cv_shlibpath_overrides_runpath=yes
lt_cv_sys_global_symbol_pipe='sed -n -e '\''s/^.*[	 ]\([ABCDGIRSTW][ABCDGIRSTW]*\)[	 ][	 ]*\([_A-Za-z][_A-Za-z0-9]*\)$/\1 \2 \2/p'\'' | sed '\''/ __gnu_lto/d'\'''
lt_cv_sys_global_symbol_to_c_name_address='sed -n -e '\''s/^: \([^ ]*\)[ ]*$/  {\"\1\", (void *) 0},/p'\'' -e '\''s/^[ABCDGIRSTW]* \([^ ]*\) \([^ ]*\)$/  {"\2", (void *) \&\2},/p'\'''
lt_cv_sys_global_symbol_to_c_name_address_lib_prefix='sed -n -e '\''s/^: \([^ ]*\)[ ]*$/  {\"\1\", (void *) 0},/p'\'' -e '\''s/^[ABCDGIRSTW]* \([^ ]*\) \(lib[^ ]*\)$/  {"\2", (void *) \&\2},/p'\'' -e '\''s/^[ABCDGIRSTW]* \([^ ]*\) \([^ ]*\)$/  {"lib\2", (void *) \&\2},/p'\'''
lt_cv_sys_global_symbol_to_cdecl='sed -n -e '\''s/^T .* \(.*\)$/extern int \1();/p'\'' -e '\''s/^[ABCDGIRSTW]* .* \(.*\)$/extern char \1;/p'\'''
lt_cv_sys_max_cmd_len=1572864
lt_cv_to_host_file_cmd=func_convert_file_noop
lt_cv_to_tool_file_cmd=func_convert_file_noop

## ----------------- ##
## Output variables. ##
## ----------------- ##

ACLOCAL='${SHELL} /home/louiskoo/libusbx-master/missing --run aclocal-1.11'
AMDEPBACKSLASH='\'
AMDEP_FALSE='#'
AMDEP_TRUE=''
AMTAR='$${TAR-tar}'
AM_BACKSLASH='\'
AM_CFLAGS=' -std=gnu99 -Wall -Wundef -Wunused -Wstrict-prototypes -Werror-implicit-function-declaration -Wno-pointer-sign -Wshadow -pthread -fvisibility=hidden'
AM_DEFAULT_V='$(AM_DEFAULT_VERBOSITY)'
AM_DEFAULT_VERBOSITY='0'
AM_V='$(V)'
AR='arm-linux-ar'
AUTOCONF='${SHELL} /home/louiskoo/libusbx-master/missing --run autoconf'
AUTOHEADER='${SHELL} /home/louiskoo/libusbx-master/missing --run autoheader'
AUTOMAKE='${SHELL} /home/louiskoo/libusbx-master/missing --run automake-1.11'
AWK='mawk'
BUILD_EXAMPLES_FALSE=''
BUILD_EXAMPLES_TRUE='#'
BUILD_TESTS_FALSE=''
BUILD_TESTS_TRUE='#'
CC='arm-linux-gcc'
CCDEPMODE='depmode=gcc3'
CFLAGS='-g -O2'
CPP='arm-linux-gcc -E'
CPPFLAGS=''
CREATE_IMPORT_LIB_FALSE=''
CREATE_IMPORT_LIB_TRUE='#'
CYGPATH_W='echo'
DEFS='-DHAVE_CONFIG_H'
DEPDIR='.deps'
DLLTOOL='false'
DSYMUTIL=''
DUMPBIN=''
ECHO_C=''
ECHO_N='-n'
ECHO_T=''
EGREP='/bin/grep -E'
EXEEXT=''
FGREP='/bin/grep -F'
GREP='/bin/grep'
HAVE_SIGACTION_FALSE='#'
HAVE_SIGACTION_TRUE=''
INSTALL_DATA='${INSTALL} -m 644'
INSTALL_PROGRAM='${INSTALL}'
INSTALL_SCRIPT='${INSTALL}'
INSTALL_STRIP_PROGRAM='$(install_sh) -c -s'
LD='/opt/FriendlyARM/toolschain/4.5.1/arm-none-linux-gnueabi/bin/ld'
LDFLAGS=''
LIBOBJS=''
LIBS='-lrt  -pthread'
LIBTOOL='$(SHELL) $(top_builddir)/libtool'
LIPO=''
LN_S='ln -s'
LTLDFLAGS='-version-info 1:0:1 -no-undefined'
LTLIBOBJS=''
MAINT='#'
MAINTAINER_MODE_FALSE=''
MAINTAINER_MODE_TRUE='#'
MAKEINFO='${SHELL} /home/louiskoo/libusbx-master/missing --run makeinfo'
MANIFEST_TOOL=':'
MKDIR_P='/bin/mkdir -p'
NM='/opt/FriendlyARM/toolschain/4.5.1/bin//arm-linux-nm -B'
NMEDIT=''
OBJDUMP='arm-linux-objdump'
OBJEXT='o'
OS_DARWIN=''
OS_DARWIN_FALSE=''
OS_DARWIN_TRUE='#'
OS_LINUX=''
OS_LINUX_FALSE='#'
OS_LINUX_TRUE=''
OS_OPENBSD=''
OS_OPENBSD_FALSE=''
OS_OPENBSD_TRUE='#'
OS_WINDOWS=''
OS_WINDOWS_FALSE=''
OS_WINDOWS_TRUE='#'
OTOOL64=''
OTOOL=''
PACKAGE='libusbx'
PACKAGE_BUGREPORT='libusbx-devel@lists.sourceforge.net'
PACKAGE_NAME='libusbx'
PACKAGE_STRING='libusbx 1.0.14'
PACKAGE_TARNAME='libusbx'
PACKAGE_URL='http://libusbx.org'
PACKAGE_VERSION='1.0.14'
PATH_SEPARATOR=':'
RANLIB='arm-linux-ranlib'
RC=''
SED='/bin/sed'
SET_MAKE=''
SHELL='/bin/bash'
STRIP='arm-linux-strip'
THREADS_POSIX_FALSE='#'
THREADS_POSIX_TRUE=''
VERSION='1.0.14'
ac_ct_AR=''
ac_ct_CC=''
ac_ct_DUMPBIN=''
am__EXEEXT_FALSE=''
am__EXEEXT_TRUE='#'
am__fastdepCC_FALSE='#'
am__fastdepCC_TRUE=''
am__include='include'
am__isrc=''
am__leading_dot='.'
am__nodep='_no'
am__quote=''
am__tar='$${TAR-tar} chof - "$$tardir"'
am__untar='$${TAR-tar} xf -'
bindir='${exec_prefix}/bin'
build='x86_64-unknown-linux-gnu'
build_alias=''
build_cpu='x86_64'
build_os='linux-gnu'
build_vendor='unknown'
datadir='${datarootdir}'
datarootdir='${prefix}/share'
docdir='${datarootdir}/doc/${PACKAGE_TARNAME}'
dvidir='${docdir}'
exec_prefix='${prefix}'
host='arm-unknown-linux-gnu'
host_alias='arm-linux'
host_cpu='arm'
host_os='linux-gnu'
host_vendor='unknown'
htmldir='${docdir}'
includedir='${prefix}/include'
infodir='${datarootdir}/info'
install_sh='${SHELL} /home/louiskoo/libusbx-master/install-sh'
libdir='${exec_prefix}/lib'
libexecdir='${exec_prefix}/libexec'
localedir='${datarootdir}/locale'
localstatedir='${prefix}/var'
mandir='${datarootdir}/man'
mkdir_p='/bin/mkdir -p'
oldincludedir='/usr/include'
pdfdir='${docdir}'
prefix='/usr/local'
program_transform_name='s,x,x,'
psdir='${docdir}'
sbindir='${exec_prefix}/sbin'
sharedstatedir='${prefix}/com'
sysconfdir='${prefix}/etc'
target_alias=''

## ----------- ##
## confdefs.h. ##
## ----------- ##

/* confdefs.h */
#define PACKAGE_NAME "libusbx"
#define PACKAGE_TARNAME "libusbx"
#define PACKAGE_VERSION "1.0.14"
#define PACKAGE_STRING "libusbx 1.0.14"
#define PACKAGE_BUGREPORT "libusbx-devel@lists.sourceforge.net"
#define PACKAGE_URL "http://libusbx.org"
#define PACKAGE "libusbx"
#define VERSION "1.0.14"
#define STDC_HEADERS 1
#define HAVE_SYS_TYPES_H 1
#define HAVE_SYS_STAT_H 1
#define HAVE_STDLIB_H 1
#define HAVE_STRING_H 1
#define HAVE_MEMORY_H 1
#define HAVE_STRINGS_H 1
#define HAVE_INTTYPES_H 1
#define HAVE_STDINT_H 1
#define HAVE_UNISTD_H 1
#define HAVE_DLFCN_H 1
#define LT_OBJDIR ".libs/"
#define _GNU_SOURCE 1
#define OS_LINUX 1
#define HAVE_POLL_H 1
#define POLL_NFDS_TYPE nfds_t
#define THREADS_POSIX 1
#define USBI_TIMERFD_AVAILABLE 1
#define HAVE_STRUCT_TIMESPEC 1
#define ENABLE_LOGGING 1
#define DEFAULT_VISIBILITY __attribute__((visibility("default")))
#define HAVE_SYS_TIME_H 1
#define HAVE_GETTIMEOFDAY 1
#define HAVE_SIGNAL_H 1

configure: exit 0
